<?xml version="1.0" encoding="UTF-8"?>
<coverage generated="1732866539290" clover="3.2.0">
  <project timestamp="1732866539290" name="All files">
    <metrics statements="23" coveredstatements="12" conditionals="10" coveredconditionals="4" methods="9" coveredmethods="3" elements="42" coveredelements="19" complexity="0" loc="23" ncloc="23" packages="2" files="2" classes="2"/>
    <package name="components">
      <metrics statements="2" coveredstatements="2" conditionals="0" coveredconditionals="0" methods="1" coveredmethods="1"/>
      <file name="Button.jsx" path="D:\Intuit\frontend-page-prisim-main\src\components\Button.jsx">
        <metrics statements="2" coveredstatements="2" conditionals="0" coveredconditionals="0" methods="1" coveredmethods="1"/>
        <line num="4" count="1" type="stmt"/>
        <line num="5" count="4" type="stmt"/>
      </file>
    </package>
    <package name="components.form">
      <metrics statements="21" coveredstatements="10" conditionals="10" coveredconditionals="4" methods="8" coveredmethods="2"/>
      <file name="ProjectForm.tsx" path="D:\Intuit\frontend-page-prisim-main\src\components\form\ProjectForm.tsx">
        <metrics statements="21" coveredstatements="10" conditionals="10" coveredconditionals="4" methods="8" coveredmethods="2"/>
        <line num="18" count="1" type="stmt"/>
        <line num="20" count="2" type="stmt"/>
        <line num="25" count="2" type="stmt"/>
        <line num="26" count="0" type="stmt"/>
        <line num="27" count="0" type="stmt"/>
        <line num="28" count="0" type="stmt"/>
        <line num="29" count="0" type="stmt"/>
        <line num="33" count="2" type="stmt"/>
        <line num="34" count="0" type="stmt"/>
        <line num="35" count="0" type="stmt"/>
        <line num="37" count="2" type="stmt"/>
        <line num="38" count="0" type="stmt"/>
        <line num="42" count="0" type="stmt"/>
        <line num="45" count="2" type="stmt"/>
        <line num="46" count="2" type="cond" truecount="1" falsecount="1"/>
        <line num="47" count="0" type="stmt"/>
        <line num="51" count="2" type="stmt"/>
        <line num="56" count="0" type="stmt"/>
        <line num="64" count="0" type="stmt"/>
        <line num="72" count="2" type="cond" truecount="1" falsecount="3"/>
        <line num="74" count="2" type="stmt"/>
      </file>
    </package>
  </project>
</coverage>
