{"D:\\Intuit\\frontend-page-prisim-main\\src\\components\\Button.jsx": {"path":"D:\\Intuit\\frontend-page-prisim-main\\src\\components\\Button.jsx","statementMap":{"0":{"start":{"line":4,"column":15},"end":{"line":10,"column":1}},"1":{"start":{"line":5,"column":2},"end":{"line":9,"column":3}}},"fnMap":{"0":{"name":"(anonymous_0)","decl":{"start":{"line":4,"column":15},"end":{"line":4,"column":16}},"loc":{"start":{"line":4,"column":54},"end":{"line":10,"column":1}},"line":4}},"branchMap":{},"s":{"0":1,"1":4},"f":{"0":4},"b":{},"_coverageSchema":"1a1c01bbd47fc00a2c39e90264f33305004495a9","hash":"c13616a1ed12bbb8f3a3c9b0e4d493f27a4322a0"}
,"D:\\Intuit\\frontend-page-prisim-main\\src\\components\\form\\ProjectForm.tsx": {"path":"D:\\Intuit\\frontend-page-prisim-main\\src\\components\\form\\ProjectForm.tsx","statementMap":{"0":{"start":{"line":18,"column":20},"end":{"line":84,"column":1}},"1":{"start":{"line":20,"column":38},"end":{"line":23,"column":6}},"2":{"start":{"line":25,"column":29},"end":{"line":31,"column":5}},"3":{"start":{"line":26,"column":8},"end":{"line":30,"column":10}},"4":{"start":{"line":27,"column":27},"end":{"line":27,"column":38}},"5":{"start":{"line":28,"column":12},"end":{"line":28,"column":32}},"6":{"start":{"line":29,"column":12},"end":{"line":29,"column":26}},"7":{"start":{"line":33,"column":28},"end":{"line":36,"column":5}},"8":{"start":{"line":34,"column":8},"end":{"line":34,"column":28}},"9":{"start":{"line":35,"column":8},"end":{"line":35,"column":27}},"10":{"start":{"line":37,"column":29},"end":{"line":43,"column":5}},"11":{"start":{"line":38,"column":8},"end":{"line":41,"column":10}},"12":{"start":{"line":42,"column":8},"end":{"line":42,"column":20}},"13":{"start":{"line":45,"column":22},"end":{"line":69,"column":5}},"14":{"start":{"line":46,"column":8},"end":{"line":68,"column":9}},"15":{"start":{"line":47,"column":12},"end":{"line":49,"column":16}},"16":{"start":{"line":51,"column":12},"end":{"line":67,"column":16}},"17":{"start":{"line":56,"column":41},"end":{"line":56,"column":81}},"18":{"start":{"line":64,"column":41},"end":{"line":64,"column":88}},"19":{"start":{"line":72,"column":18},"end":{"line":72,"column":84}},"20":{"start":{"line":74,"column":4},"end":{"line":83,"column":5}}},"fnMap":{"0":{"name":"(anonymous_0)","decl":{"start":{"line":18,"column":20},"end":{"line":18,"column":21}},"loc":{"start":{"line":18,"column":82},"end":{"line":84,"column":1}},"line":18},"1":{"name":"(anonymous_1)","decl":{"start":{"line":25,"column":29},"end":{"line":25,"column":30}},"loc":{"start":{"line":25,"column":77},"end":{"line":31,"column":5}},"line":25},"2":{"name":"(anonymous_2)","decl":{"start":{"line":26,"column":21},"end":{"line":26,"column":22}},"loc":{"start":{"line":26,"column":31},"end":{"line":30,"column":9}},"line":26},"3":{"name":"(anonymous_3)","decl":{"start":{"line":33,"column":28},"end":{"line":33,"column":29}},"loc":{"start":{"line":33,"column":34},"end":{"line":36,"column":5}},"line":33},"4":{"name":"(anonymous_4)","decl":{"start":{"line":37,"column":29},"end":{"line":37,"column":30}},"loc":{"start":{"line":37,"column":35},"end":{"line":43,"column":5}},"line":37},"5":{"name":"(anonymous_5)","decl":{"start":{"line":45,"column":22},"end":{"line":45,"column":23}},"loc":{"start":{"line":45,"column":28},"end":{"line":69,"column":5}},"line":45},"6":{"name":"(anonymous_6)","decl":{"start":{"line":56,"column":34},"end":{"line":56,"column":35}},"loc":{"start":{"line":56,"column":41},"end":{"line":56,"column":81}},"line":56},"7":{"name":"(anonymous_7)","decl":{"start":{"line":64,"column":34},"end":{"line":64,"column":35}},"loc":{"start":{"line":64,"column":41},"end":{"line":64,"column":88}},"line":64}},"branchMap":{"0":{"loc":{"start":{"line":46,"column":8},"end":{"line":68,"column":9}},"type":"if","locations":[{"start":{"line":46,"column":8},"end":{"line":68,"column":9}},{"start":{"line":50,"column":15},"end":{"line":68,"column":9}}],"line":46},"1":{"loc":{"start":{"line":55,"column":49},"end":{"line":55,"column":109}},"type":"cond-expr","locations":[{"start":{"line":55,"column":69},"end":{"line":55,"column":93}},{"start":{"line":55,"column":96},"end":{"line":55,"column":109}}],"line":55},"2":{"loc":{"start":{"line":62,"column":46},"end":{"line":62,"column":120}},"type":"cond-expr","locations":[{"start":{"line":62,"column":66},"end":{"line":62,"column":97}},{"start":{"line":62,"column":100},"end":{"line":62,"column":120}}],"line":62},"3":{"loc":{"start":{"line":72,"column":18},"end":{"line":72,"column":84}},"type":"cond-expr","locations":[{"start":{"line":72,"column":38},"end":{"line":72,"column":46}},{"start":{"line":72,"column":49},"end":{"line":72,"column":84}}],"line":72},"4":{"loc":{"start":{"line":72,"column":49},"end":{"line":72,"column":84}},"type":"cond-expr","locations":[{"start":{"line":72,"column":67},"end":{"line":72,"column":73}},{"start":{"line":72,"column":76},"end":{"line":72,"column":84}}],"line":72}},"s":{"0":1,"1":2,"2":2,"3":0,"4":0,"5":0,"6":0,"7":2,"8":0,"9":0,"10":2,"11":0,"12":0,"13":2,"14":2,"15":0,"16":2,"17":0,"18":0,"19":2,"20":2},"f":{"0":2,"1":0,"2":0,"3":0,"4":0,"5":2,"6":0,"7":0},"b":{"0":[0,2],"1":[2,0],"2":[2,0],"3":[2,0],"4":[0,0]},"_coverageSchema":"1a1c01bbd47fc00a2c39e90264f33305004495a9","hash":"3bf734a22b72e0f10adee2732ea14e342fd35c20"}
}
