TN:
SF:src\components\Button.jsx
FN:4,(anonymous_0)
FNF:1
FNH:1
FNDA:4,(anonymous_0)
DA:4,1
DA:5,4
LF:2
LH:2
BRF:0
BRH:0
end_of_record
TN:
SF:src\components\form\ProjectForm.tsx
FN:18,(anonymous_0)
FN:25,(anonymous_1)
FN:26,(anonymous_2)
FN:33,(anonymous_3)
FN:37,(anonymous_4)
FN:45,(anonymous_5)
FN:56,(anonymous_6)
FN:64,(anonymous_7)
FNF:8
FNH:2
FNDA:2,(anonymous_0)
FNDA:0,(anonymous_1)
FNDA:0,(anonymous_2)
FNDA:0,(anonymous_3)
FNDA:0,(anonymous_4)
FNDA:2,(anonymous_5)
FNDA:0,(anonymous_6)
FNDA:0,(anonymous_7)
DA:18,1
DA:20,2
DA:25,2
DA:26,0
DA:27,0
DA:28,0
DA:29,0
DA:33,2
DA:34,0
DA:35,0
DA:37,2
DA:38,0
DA:42,0
DA:45,2
DA:46,2
DA:47,0
DA:51,2
DA:56,0
DA:64,0
DA:72,2
DA:74,2
LF:21
LH:10
BRDA:46,0,0,0
BRDA:46,0,1,2
BRDA:55,1,0,2
BRDA:55,1,1,0
BRDA:62,2,0,2
BRDA:62,2,1,0
BRDA:72,3,0,2
BRDA:72,3,1,0
BRDA:72,4,0,0
BRDA:72,4,1,0
BRF:10
BRH:4
end_of_record
